<?xml version="1.0" encoding="UTF-8"?>
<!-- Generated by org.testng.reporters.JUnitReportReporter -->
<testsuite hostname="DESKTOP-HN4067J" failures="1" tests="8" name="com.vtiger.contactTest.CreateContactOrganisationNameTest" time="16.630" errors="0" timestamp="2022-01-16T21:09:28 IST" skipped="0">
  <testcase classname="com.vtiger.contactTest.CreateContactOrganisationNameTest" name="loginPageTest" time="0.015"/>
  <system-out>
Login page found  </system-out>
  <testcase classname="com.vtiger.contactTest.CreateContactOrganisationNameTest" name="homePageTest" time="3.013"/>
  <system-out>
Home page found  </system-out>
  <testcase classname="com.vtiger.contactTest.CreateContactOrganisationNameTest" name="contactListPageTest" time="4.481"/>
  <system-out>
ContactsPage Displayed  </system-out>
  <testcase classname="com.vtiger.contactTest.CreateContactOrganisationNameTest" name="createNewContactPageTest" time="3.442"/>
  <system-out>
Creating New Contact is displayed  </system-out>
  <testcase classname="com.vtiger.contactTest.CreateContactOrganisationNameTest" name="organizationNewBrowserWindowsTest" time="1.473"/>
  <system-out>
Organizations page is displayed in another browser window  </system-out>
  <testcase classname="com.vtiger.contactTest.CreateContactOrganisationNameTest" name="organizationNameTest" time="0.214">
    <failure message="null" type="java.lang.AssertionError">
      <![CDATA[java.lang.AssertionError: null
at org.testng.Assert.fail(Assert.java:97)
at org.testng.Assert.fail(Assert.java:102)
at com.vtiger.contactTest.CreateContactOrganisationNameTest.organizationNameTest(CreateContactOrganisationNameTest.java:137)
at java.base/jdk.internal.reflect.NativeMethodAccessorImpl.invoke0(Native Method)
at java.base/jdk.internal.reflect.NativeMethodAccessorImpl.invoke(NativeMethodAccessorImpl.java:77)
at java.base/jdk.internal.reflect.DelegatingMethodAccessorImpl.invoke(DelegatingMethodAccessorImpl.java:43)
at java.base/java.lang.reflect.Method.invoke(Method.java:568)
at org.testng.internal.MethodInvocationHelper.invokeMethod(MethodInvocationHelper.java:134)
at org.testng.internal.TestInvoker.invokeMethod(TestInvoker.java:597)
at org.testng.internal.TestInvoker.invokeTestMethod(TestInvoker.java:173)
at org.testng.internal.MethodRunner.runInSequence(MethodRunner.java:46)
at org.testng.internal.TestInvoker$MethodInvocationAgent.invoke(TestInvoker.java:816)
at org.testng.internal.TestInvoker.invokeTestMethods(TestInvoker.java:146)
at org.testng.internal.TestMethodWorker.invokeTestMethods(TestMethodWorker.java:146)
at org.testng.internal.TestMethodWorker.run(TestMethodWorker.java:128)
at java.base/java.util.ArrayList.forEach(ArrayList.java:1511)
at org.testng.TestRunner.privateRun(TestRunner.java:766)
at org.testng.TestRunner.run(TestRunner.java:587)
at org.testng.SuiteRunner.runTest(SuiteRunner.java:384)
at org.testng.SuiteRunner.runSequentially(SuiteRunner.java:378)
at org.testng.SuiteRunner.privateRun(SuiteRunner.java:337)
at org.testng.SuiteRunner.run(SuiteRunner.java:286)
at org.testng.SuiteRunnerWorker.runSuite(SuiteRunnerWorker.java:53)
at org.testng.SuiteRunnerWorker.run(SuiteRunnerWorker.java:96)
at org.testng.TestNG.runSuitesSequentially(TestNG.java:1187)
at org.testng.TestNG.runSuitesLocally(TestNG.java:1109)
at org.testng.TestNG.runSuites(TestNG.java:1039)
at org.testng.TestNG.run(TestNG.java:1007)
at org.testng.remote.AbstractRemoteTestNG.run(AbstractRemoteTestNG.java:115)
at org.testng.remote.RemoteTestNG.initAndRun(RemoteTestNG.java:251)
at org.testng.remote.RemoteTestNG.main(RemoteTestNG.java:77)
]]>
    </failure>
  </testcase> <!-- organizationNameTest -->
  <system-out>
Organization name not appeared in contact information page  </system-out>
  <testcase classname="com.vtiger.contactTest.CreateContactOrganisationNameTest" name="saveTest" time="2.713"/>
  <system-out>
[ CON150 ] maj singh - Contact Information Updated today (16 Jan 2022) By Administrator  </system-out>
  <testcase classname="com.vtiger.contactTest.CreateContactOrganisationNameTest" name="logOutTest" time="1.279"/>
  <system-out>
Successfully loged out  </system-out>
</testsuite> <!-- com.vtiger.contactTest.CreateContactOrganisationNameTest -->
